<?xml version="1.0" encoding="UTF-8"?>
<!-- Generated by org.testng.reporters.JUnitXMLReporter -->
<testsuite hostname="SONY" name="parameter test(failed)" tests="1" failures="1" timestamp="6 Oct 2018 14:43:25 GMT" time="16.61" errors="0">
  <testcase name="geadDataFromPeremeter" time="16.491" classname="demo1.ReadData">
    <failure type="java.lang.NullPointerException">
      <![CDATA[java.lang.NullPointerException
	at demo1.ReadData.geadDataFromPeremeter(ReadData.java:48)
... Removed 24 stack frames]]>
    </failure>
  </testcase> <!-- geadDataFromPeremeter -->
</testsuite> <!-- parameter test(failed) -->
